if [ ! -d include ]; then \
		mkdir -p include; \
	fi
if [ ! -d lib ]; then \
		mkdir -p lib; \
	fi
rm -f ./include/*
rm -f ./lib/*
make[1]: ディレクトリ `/home/c26019/CREST/FrontISTR_V43_parallel_OpenMP/hecmw1/src' に入ります
make[2]: ディレクトリ `/home/c26019/CREST/FrontISTR_V43_parallel_OpenMP/hecmw1/src/common' に入ります
cp -f hecmw_struct.h hecmw_util.h hecmw_comm.h hecmw_conn_conv.h hecmw_error.h hecmw_malloc.h hecmw_log.h hecmw_msg.h hecmw_msgno.h hecmw_config.h hecmw_init.h hecmw_finalize.h hecmw_lib_fc.h hecmw_control.h hecmw_ctrllex.h hecmw_bit_array.h hecmw_map_int.h hecmw_set_int.h hecmw_varray_int.h hecmw_common.h hecmw_common_define.h hecmw_etype.h hecmw_debug_write_dist.h hecmw_reorder.h hecmw_dist.h hecmw_dist_alloc.h hecmw_dist_print.h hecmw_dist_copy_f2c.h hecmw_dist_copy_c2f.h hecmw_dist_free.h hecmw_dist_refine.h hecmw_geometric.h hecmw_ablex.h hecmw_gflex.h hecmw_heclex.h hecmw_io.h hecmw_io_dist.h hecmw_io_geofem.h hecmw_io_nastran.h hecmw_io_get_mesh.h hecmw_io_hec.h hecmw_io_abaqus.h hecmw_io_mesh.h hecmw_io_put_mesh.h hecmw_io_struct.h hecmw_path.h hecmw_restart.h hecmw_result.h hecmw_ucd_print.h hecmw_result_copy_c2f.h hecmw_result_copy_f2c.h hecmw_system.h hecmw_time.h ../../include/.
make[2]: ディレクトリ `/home/c26019/CREST/FrontISTR_V43_parallel_OpenMP/hecmw1/src/common' から出ます
make[2]: ディレクトリ `/home/c26019/CREST/FrontISTR_V43_parallel_OpenMP/hecmw1/src/solver' に入ります
make[2]: `install-header' に対して行うべき事はありません.
make[2]: ディレクトリ `/home/c26019/CREST/FrontISTR_V43_parallel_OpenMP/hecmw1/src/solver' から出ます
make[2]: ディレクトリ `/home/c26019/CREST/FrontISTR_V43_parallel_OpenMP/hecmw1/src/visualizer' に入ります
cp -f hecmw_vis_mem_util.h hecmw_vis_comm_util.h hecmw_vis_read_control.h hecmw_vis_SF_geom.h hecmw_vis_ray_trace.h hecmw_vis_psf_rendering.h hecmw_visualizer.h ../../include/.
make[2]: ディレクトリ `/home/c26019/CREST/FrontISTR_V43_parallel_OpenMP/hecmw1/src/visualizer' から出ます
make[2]: ディレクトリ `/home/c26019/CREST/FrontISTR_V43_parallel_OpenMP/hecmw1/src/common' に入ります
mpifccpx -c hecmw_io_get_mesh_if.c -I. -I../../include  -Kfast,openmp -DNDEBUG
ar ruv ../../lib/libhecmw.a hecmw_init.o hecmw_finalize.o hecmw_comm.o hecmw_conn_conv.o hecmw_error.o hecmw_util.o hecmw_malloc.o hecmw_log.o hecmw_msg.o hecmw_msg_table.o hecmw_lib_fc.o hecmw_control.o hecmw_ctrllex.o hecmw_bit_array.o hecmw_map_int.o hecmw_set_int.o hecmw_varray_int.o hecmw_etype.o hecmw_debug_write_dist.o hecmw_reorder.o hecmw_gflex.o hecmw_heclex.o hecmw_ablex.o hecmw_io_hec.o hecmw_io_abaqus.o hecmw_io_nastran_dummy.o hecmw_io_geofem.o hecmw_io_dist.o hecmw_io_mesh.o hecmw_io_get_mesh.o hecmw_io_get_mesh_if.o hecmw_io_put_mesh.o hecmw_dist.o hecmw_dist_alloc.o hecmw_dist_print.o hecmw_dist_free.o hecmw_dist_copy_f2c.o hecmw_dist_copy_c2f.o hecmw_dist_refine.o hecmw_ucd_print.o hecmw_geometric.o hecmw_path.o hecmw_put_mesh_if.o hecmw_restart.o hecmw_bin_io.o hecmw_result.o hecmw_result_copy_c2f.o hecmw_result_copy_f2c.o hecmw_visual_if.o hecmw_system.o hecmw_time.o
ar: creating ../../lib/libhecmw.a
a - hecmw_init.o
a - hecmw_finalize.o
a - hecmw_comm.o
a - hecmw_conn_conv.o
a - hecmw_error.o
a - hecmw_util.o
a - hecmw_malloc.o
a - hecmw_log.o
a - hecmw_msg.o
a - hecmw_msg_table.o
a - hecmw_lib_fc.o
a - hecmw_control.o
a - hecmw_ctrllex.o
a - hecmw_bit_array.o
a - hecmw_map_int.o
a - hecmw_set_int.o
a - hecmw_varray_int.o
a - hecmw_etype.o
a - hecmw_debug_write_dist.o
a - hecmw_reorder.o
a - hecmw_gflex.o
a - hecmw_heclex.o
a - hecmw_ablex.o
a - hecmw_io_hec.o
a - hecmw_io_abaqus.o
a - hecmw_io_nastran_dummy.o
a - hecmw_io_geofem.o
a - hecmw_io_dist.o
a - hecmw_io_mesh.o
a - hecmw_io_get_mesh.o
a - hecmw_io_get_mesh_if.o
a - hecmw_io_put_mesh.o
a - hecmw_dist.o
a - hecmw_dist_alloc.o
a - hecmw_dist_print.o
a - hecmw_dist_free.o
a - hecmw_dist_copy_f2c.o
a - hecmw_dist_copy_c2f.o
a - hecmw_dist_refine.o
a - hecmw_ucd_print.o
a - hecmw_geometric.o
a - hecmw_path.o
a - hecmw_put_mesh_if.o
a - hecmw_restart.o
a - hecmw_bin_io.o
a - hecmw_result.o
a - hecmw_result_copy_c2f.o
a - hecmw_result_copy_f2c.o
a - hecmw_visual_if.o
a - hecmw_system.o
a - hecmw_time.o
mpifrtpx -c hecmw_util_f.f90 -I. -I../../include  -Kfast,openmp 
ar ruv ../../lib/libfhecmw.a hecmw_util_f.o
ar: creating ../../lib/libfhecmw.a
a - hecmw_util_f.o
mpifrtpx -c hecmw_io.f90 -I. -I../../include  -Kfast,openmp 
ar ruv ../../lib/libfhecmw.a hecmw_logging.o hecmw_msgno_f.o hecmw_msg_f.o hecmw_control_f.o hecmw_result_f.o hecmw_restart_f.o hecmw_dist_copy_f2c_f.o hecmw_dist_copy_c2f_f.o hecmw_dist_free_f.o hecmw_dist_print_f.o hecmw_visualizer_f.o hecmw_etype_f.o hecmw_io.o
a - hecmw_logging.o
a - hecmw_msgno_f.o
a - hecmw_msg_f.o
a - hecmw_control_f.o
a - hecmw_result_f.o
a - hecmw_restart_f.o
a - hecmw_dist_copy_f2c_f.o
a - hecmw_dist_copy_c2f_f.o
a - hecmw_dist_free_f.o
a - hecmw_dist_print_f.o
a - hecmw_visualizer_f.o
a - hecmw_etype_f.o
a - hecmw_io.o
cp -f *.mod ../../include/.
make[2]: ディレクトリ `/home/c26019/CREST/FrontISTR_V43_parallel_OpenMP/hecmw1/src/common' から出ます
make[2]: ディレクトリ `/home/c26019/CREST/FrontISTR_V43_parallel_OpenMP/hecmw1/src/solver' に入ります
make[3]: ディレクトリ `/home/c26019/CREST/FrontISTR_V43_parallel_OpenMP/hecmw1/src/solver/communication' に入ります
ar ruv ../../../lib/libhecmw.a 
ar ruv ../../../lib/libfhecmw.a hecmw_comm_f.o hecmw_solver_SR_11.o hecmw_solver_SR_11i.o hecmw_solver_SR_22.o hecmw_solver_SR_22i.o hecmw_solver_SR_33.o hecmw_solver_SR_33i.o hecmw_solver_SR_mm.o hecmw_solver_SR_mmi.o
a - hecmw_comm_f.o
a - hecmw_solver_SR_11.o
a - hecmw_solver_SR_11i.o
a - hecmw_solver_SR_22.o
a - hecmw_solver_SR_22i.o
a - hecmw_solver_SR_33.o
a - hecmw_solver_SR_33i.o
a - hecmw_solver_SR_mm.o
a - hecmw_solver_SR_mmi.o
ar ruv ../../../lib/libfhecmw.a hecmw_solver_misc.o
a - hecmw_solver_misc.o
cp -f *.mod ../../../include/.
make[3]: ディレクトリ `/home/c26019/CREST/FrontISTR_V43_parallel_OpenMP/hecmw1/src/solver/communication' から出ます
make[3]: ディレクトリ `/home/c26019/CREST/FrontISTR_V43_parallel_OpenMP/hecmw1/src/solver/matrix' に入ります
ar ruv ../../../lib/libhecmw.a 
ar ruv ../../../lib/libfhecmw.a hecmw_allocate.o hecmw_matrix_contact.o hecmw_matrix_misc.o hecmw_matrix_ordering_CM.o hecmw_matrix_ordering_MC.o hecmw_matrix_reorder.o hecmw_mat_con.o hecmw_mat_ass.o hecmw_matrix_dump.o
a - hecmw_allocate.o
a - hecmw_matrix_contact.o
a - hecmw_matrix_misc.o
a - hecmw_matrix_ordering_CM.o
a - hecmw_matrix_ordering_MC.o
a - hecmw_matrix_reorder.o
a - hecmw_mat_con.o
a - hecmw_mat_ass.o
a - hecmw_matrix_dump.o
cp -f *.mod ../../../include/.
make[3]: ディレクトリ `/home/c26019/CREST/FrontISTR_V43_parallel_OpenMP/hecmw1/src/solver/matrix' から出ます
make[3]: ディレクトリ `/home/c26019/CREST/FrontISTR_V43_parallel_OpenMP/hecmw1/src/solver/init' に入ります
ar ruv ../../../lib/libhecmw.a 
ar ruv ../../../lib/libfhecmw.a hecmw_solve_init.o hecmw_solve_error.o
a - hecmw_solve_init.o
a - hecmw_solve_error.o
cp -f *.mod ../../../include/.
make[3]: ディレクトリ `/home/c26019/CREST/FrontISTR_V43_parallel_OpenMP/hecmw1/src/solver/init' から出ます
make[3]: ディレクトリ `/home/c26019/CREST/FrontISTR_V43_parallel_OpenMP/hecmw1/src/solver/sparse_matrix' に入ります
ar ruv ../../../lib/libhecmw.a 
ar ruv ../../../lib/libfhecmw.a sparse_matrix.o sparse_matrix_hec.o
a - sparse_matrix.o
a - sparse_matrix_hec.o
cp -f *.mod ../../../include/.
make[3]: ディレクトリ `/home/c26019/CREST/FrontISTR_V43_parallel_OpenMP/hecmw1/src/solver/sparse_matrix' から出ます
make[3]: ディレクトリ `/home/c26019/CREST/FrontISTR_V43_parallel_OpenMP/hecmw1/src/solver/solver_direct_mumps' に入ります
ar ruv ../../../lib/libhecmw.a 
ar ruv ../../../lib/libfhecmw.a hecmw_MUMPS_wrapper_dumm.o hecmw_solver_direct_MUMPS.o
a - hecmw_MUMPS_wrapper_dumm.o
a - hecmw_solver_direct_MUMPS.o
cp -f *.mod ../../../include/.
make[3]: ディレクトリ `/home/c26019/CREST/FrontISTR_V43_parallel_OpenMP/hecmw1/src/solver/solver_direct_mumps' から出ます
make[3]: ディレクトリ `/home/c26019/CREST/FrontISTR_V43_parallel_OpenMP/hecmw1/src/solver/solver_11' に入ります
ar ruv ../../../lib/libhecmw.a 
ar ruv ../../../lib/libfhecmw.a hecmw_solver_las_11.o hecmw_solver_CG_11.o hecmw_solver_11.o
a - hecmw_solver_las_11.o
a - hecmw_solver_CG_11.o
a - hecmw_solver_11.o
cp -f *.mod ../../../include/.
make[3]: ディレクトリ `/home/c26019/CREST/FrontISTR_V43_parallel_OpenMP/hecmw1/src/solver/solver_11' から出ます
make[3]: ディレクトリ `/home/c26019/CREST/FrontISTR_V43_parallel_OpenMP/hecmw1/src/solver/solver_22' に入ります
ar ruv ../../../lib/libhecmw.a 
ar ruv ../../../lib/libfhecmw.a hecmw_solver_las_22.o hecmw_solver_CG_22.o hecmw_solver_BLCG_22.o hecmw_solver_22.o
a - hecmw_solver_las_22.o
a - hecmw_solver_CG_22.o
a - hecmw_solver_BLCG_22.o
a - hecmw_solver_22.o
cp -f *.mod ../../../include/.
make[3]: ディレクトリ `/home/c26019/CREST/FrontISTR_V43_parallel_OpenMP/hecmw1/src/solver/solver_22' から出ます
make[3]: ディレクトリ `/home/c26019/CREST/FrontISTR_V43_parallel_OpenMP/hecmw1/src/solver/solver_33' に入ります
ar ruv ../../../lib/libhecmw.a 
ar ruv ../../../lib/libfhecmw.a hecmw_jadm.o hecmw_tuning_fx.o hecmw_solver_las_33.o hecmw_solver_scaling_33.o hecmw_precond_BILU_33.o hecmw_precond_DIAG_33.o hecmw_precond_SSOR_33.o hecmw_precond_33.o hecmw_solver_CG_33.o hecmw_solver_BiCGSTAB_33.o hecmw_solver_GMRES_33.o hecmw_solver_GPBiCG_33.o hecmw_solver_33.o
a - hecmw_jadm.o
a - hecmw_tuning_fx.o
a - hecmw_solver_las_33.o
a - hecmw_solver_scaling_33.o
a - hecmw_precond_BILU_33.o
a - hecmw_precond_DIAG_33.o
a - hecmw_precond_SSOR_33.o
a - hecmw_precond_33.o
a - hecmw_solver_CG_33.o
a - hecmw_solver_BiCGSTAB_33.o
a - hecmw_solver_GMRES_33.o
a - hecmw_solver_GPBiCG_33.o
a - hecmw_solver_33.o
cp -f *.mod ../../../include/.
make[3]: ディレクトリ `/home/c26019/CREST/FrontISTR_V43_parallel_OpenMP/hecmw1/src/solver/solver_33' から出ます
make[3]: ディレクトリ `/home/c26019/CREST/FrontISTR_V43_parallel_OpenMP/hecmw1/src/solver/solver_direct' に入ります
ar ruv ../../../lib/libhecmw.a 
ar ruv ../../../lib/libfhecmw.a hecmw_solver_direct.o
a - hecmw_solver_direct.o
cp -f *.mod ../../../include/.
make[3]: ディレクトリ `/home/c26019/CREST/FrontISTR_V43_parallel_OpenMP/hecmw1/src/solver/solver_direct' から出ます
make[3]: ディレクトリ `/home/c26019/CREST/FrontISTR_V43_parallel_OpenMP/hecmw1/src/solver/solver_direct_parallel' に入ります
ar ruv ../../../lib/libhecmw.a matrix2graph.o matrix_repart.o mem_util.o separator_c2f_c.o 
a - matrix2graph.o
a - matrix_repart.o
a - mem_util.o
a - separator_c2f_c.o
ar ruv ../../../lib/libfhecmw.a m_irjc_matrix.o m_crs_matrix.o m_child_matrix.o m_matrix_partition_info.o m_elap.o hecmw_solver_direct_parallel.o
a - m_irjc_matrix.o
a - m_crs_matrix.o
a - m_child_matrix.o
a - m_matrix_partition_info.o
a - m_elap.o
a - hecmw_solver_direct_parallel.o
cp -f *.mod ../../../include/.
make[3]: ディレクトリ `/home/c26019/CREST/FrontISTR_V43_parallel_OpenMP/hecmw1/src/solver/solver_direct_parallel' から出ます
make[3]: ディレクトリ `/home/c26019/CREST/FrontISTR_V43_parallel_OpenMP/hecmw1/src/solver/solver_direct_lag' に入ります
ar ruv ../../../lib/libhecmw.a 
ar ruv ../../../lib/libfhecmw.a my_hecmw_util_f_lag.o m_irjc_matrix_lag.o m_child_matrix_lag.o m_crs_matrix_lag.o hecmw_solver_direct_serial_lag.o
a - my_hecmw_util_f_lag.o
a - m_irjc_matrix_lag.o
a - m_child_matrix_lag.o
a - m_crs_matrix_lag.o
a - hecmw_solver_direct_serial_lag.o
cp -f *.mod ../../../include/.
make[3]: ディレクトリ `/home/c26019/CREST/FrontISTR_V43_parallel_OpenMP/hecmw1/src/solver/solver_direct_lag' から出ます
make[2]: ディレクトリ `/home/c26019/CREST/FrontISTR_V43_parallel_OpenMP/hecmw1/src/solver' から出ます
make[2]: ディレクトリ `/home/c26019/CREST/FrontISTR_V43_parallel_OpenMP/hecmw1/src/hecmw' に入ります
rm -f *.o *.o *.mod
ar ruv ../../lib/libhecmw.a 
mpifrtpx -c hecmw.f90 -I. -I../../include  -Kfast,openmp 
ar ruv ../../lib/libfhecmw.a hecmw.o
a - hecmw.o
cp -f hecmw.h ../../include/.
cp -f *.mod ../../include/.
make[2]: ディレクトリ `/home/c26019/CREST/FrontISTR_V43_parallel_OpenMP/hecmw1/src/hecmw' から出ます
make[2]: ディレクトリ `/home/c26019/CREST/FrontISTR_V43_parallel_OpenMP/hecmw1/src/visualizer' に入ります
ar ruv ../../lib/libhecmw.a hecmw_vis_read_control.o hecmw_visualizer.o hecmw_vis_surface_main.o hecmw_vis_comm_util.o hecmw_vis_mem_util.o hecmw_vis_connectivity_build.o hecmw_vis_surface_compute.o hecmw_vis_case_table.o hecmw_vis_calc_attr.o hecmw_vis_intersection_find.o hecmw_vis_patch_const.o hecmw_vis_tetra_intersect.o hecmw_vis_combine.o hecmw_vis_rendering.o hecmw_vis_define_parameters.o hecmw_vis_font_texture.o hecmw_vis_color_mapping.o hecmw_vis_color_composite_sf.o hecmw_vis_generate_histogram_sf.o hecmw_vis_subimage_composite_sf.o hecmw_vis_endian.o hecmw_fstr_output_femap.o hecmw_vis_pvr_main.o hecmw_vis_comm_util.o hecmw_vis_mem_util.o hecmw_vis_new_refine.o hecmw_vis_ray_trace.o hecmw_vis_define_parameters.o hecmw_vis_font_texture.o hecmw_vis_color_mapping.o hecmw_vis_ucd_trans.o hecmw_vis_voxel_gen.o hecmw_vis_read_voxel.o hecmw_vis_mesh_extent.o hecmw_vis_color_composite_vr.o hecmw_vis_generate_histogram_vr.o hecmw_vis_subimage_composite_vr.o 
a - hecmw_vis_read_control.o
a - hecmw_visualizer.o
a - hecmw_vis_surface_main.o
a - hecmw_vis_comm_util.o
a - hecmw_vis_mem_util.o
a - hecmw_vis_connectivity_build.o
a - hecmw_vis_surface_compute.o
a - hecmw_vis_case_table.o
a - hecmw_vis_calc_attr.o
a - hecmw_vis_intersection_find.o
a - hecmw_vis_patch_const.o
a - hecmw_vis_tetra_intersect.o
a - hecmw_vis_combine.o
a - hecmw_vis_rendering.o
a - hecmw_vis_define_parameters.o
a - hecmw_vis_font_texture.o
a - hecmw_vis_color_mapping.o
a - hecmw_vis_color_composite_sf.o
a - hecmw_vis_generate_histogram_sf.o
a - hecmw_vis_subimage_composite_sf.o
a - hecmw_vis_endian.o
a - hecmw_fstr_output_femap.o
a - hecmw_vis_pvr_main.o
a - hecmw_vis_comm_util.o
a - hecmw_vis_mem_util.o
a - hecmw_vis_new_refine.o
a - hecmw_vis_ray_trace.o
a - hecmw_vis_define_parameters.o
a - hecmw_vis_font_texture.o
a - hecmw_vis_color_mapping.o
a - hecmw_vis_ucd_trans.o
a - hecmw_vis_voxel_gen.o
a - hecmw_vis_read_voxel.o
a - hecmw_vis_mesh_extent.o
a - hecmw_vis_color_composite_vr.o
a - hecmw_vis_generate_histogram_vr.o
a - hecmw_vis_subimage_composite_vr.o
make[2]: ディレクトリ `/home/c26019/CREST/FrontISTR_V43_parallel_OpenMP/hecmw1/src/visualizer' から出ます
make[1]: ディレクトリ `/home/c26019/CREST/FrontISTR_V43_parallel_OpenMP/hecmw1/src' から出ます
