IT=(    10/  2000), ETA=00:07:45, Time/Step=   0.0485[s], MAX = (  0.00E+00 0.00E+00 0.00E+00 )
IT=(    20/  2000), ETA=00:05:11, Time/Step=   0.0645[s], MAX = (  0.00E+00 0.00E+00 9.95E-44 )
IT=(    30/  2000), ETA=00:04:41, Time/Step=   0.0811[s], MAX = (  1.97E-39 1.95E-39 2.62E-37 )
IT=(    40/  2000), ETA=00:04:34, Time/Step=   0.0935[s], MAX = (  5.19E-35 5.48E-35 1.96E-33 )
IT=(    50/  2000), ETA=00:04:32, Time/Step=   0.1024[s], MAX = (  7.06E-32 6.69E-32 9.35E-30 )
IT=(    60/  2000), ETA=00:04:36, Time/Step=   0.1114[s], MAX = (  6.93E-29 7.12E-29 5.22E-27 )
IT=(    70/  2000), ETA=00:05:24, Time/Step=   0.1418[s], MAX = (  2.45E-26 2.39E-26 1.21E-24 )
IT=(    80/  2000), ETA=00:05:18, Time/Step=   0.1428[s], MAX = (  3.52E-24 3.51E-24 1.62E-22 )
IT=(    90/  2000), ETA=00:05:16, Time/Step=   0.1452[s], MAX = (  2.44E-22 2.43E-22 1.35E-20 )
IT=(   100/  2000), ETA=00:05:46, Time/Step=   0.1640[s], MAX = (  7.18E-21 6.89E-21 6.86E-19 )
IT=(   110/  2000), ETA=00:05:46, Time/Step=   0.1663[s], MAX = (  5.31E-19 5.35E-19 1.78E-17 )
IT=(   120/  2000), ETA=00:05:46, Time/Step=   0.1686[s], MAX = (  2.60E-17 2.59E-17 1.95E-16 )
IT=(   130/  2000), ETA=00:05:45, Time/Step=   0.1707[s], MAX = (  7.19E-16 7.27E-16 1.43E-14 )
IT=(   140/  2000), ETA=00:06:03, Time/Step=   0.1823[s], MAX = (  7.37E-15 7.21E-15 3.68E-13 )
IT=(   150/  2000), ETA=00:05:59, Time/Step=   0.1818[s], MAX = (  1.59E-13 1.59E-13 2.20E-12 )
IT=(   160/  2000), ETA=00:06:33, Time/Step=   0.2022[s], MAX = (  3.07E-12 3.08E-12 4.90E-11 )
IT=(   170/  2000), ETA=00:06:22, Time/Step=   0.1981[s], MAX = (  1.17E-11 1.13E-11 6.75E-10 )
IT=(   180/  2000), ETA=00:06:13, Time/Step=   0.1950[s], MAX = (  3.18E-10 3.20E-10 2.50E-09 )
IT=(   190/  2000), ETA=00:06:17, Time/Step=   0.1988[s], MAX = (  1.28E-09 1.26E-09 5.00E-08 )
IT=(   200/  2000), ETA=00:06:28, Time/Step=   0.2068[s], MAX = (  1.86E-08 1.89E-08 1.58E-07 )
IT=(   210/  2000), ETA=00:06:21, Time/Step=   0.2044[s], MAX = (  4.31E-08 4.18E-08 1.38E-06 )
IT=(   220/  2000), ETA=00:06:15, Time/Step=   0.2025[s], MAX = (  6.03E-07 6.08E-07 1.04E-05 )
IT=(   230/  2000), ETA=00:06:09, Time/Step=   0.2007[s], MAX = (  3.06E-06 3.12E-06 3.28E-05 )
IT=(   240/  2000), ETA=00:06:03, Time/Step=   0.1990[s], MAX = (  8.76E-06 9.03E-06 6.73E-05 )
IT=(   250/  2000), ETA=00:06:08, Time/Step=   0.2031[s], MAX = (  1.80E-05 1.87E-05 1.05E-04 )
IT=(   260/  2000), ETA=00:06:04, Time/Step=   0.2024[s], MAX = (  2.95E-05 3.09E-05 1.35E-04 )
IT=(   270/  2000), ETA=00:06:10, Time/Step=   0.2073[s], MAX = (  4.15E-05 4.37E-05 1.50E-04 )
IT=(   280/  2000), ETA=00:06:05, Time/Step=   0.2057[s], MAX = (  5.15E-05 5.45E-05 1.50E-04 )
IT=(   290/  2000), ETA=00:06:12, Time/Step=   0.2116[s], MAX = (  5.78E-05 6.20E-05 1.50E-04 )
IT=(   300/  2000), ETA=00:06:08, Time/Step=   0.2103[s], MAX = (  6.06E-05 6.50E-05 1.50E-04 )
IT=(   310/  2000), ETA=00:06:04, Time/Step=   0.2094[s], MAX = (  6.06E-05 6.50E-05 1.50E-04 )
IT=(   320/  2000), ETA=00:06:09, Time/Step=   0.2142[s], MAX = (  6.06E-05 6.50E-05 1.50E-04 )
IT=(   330/  2000), ETA=00:06:12, Time/Step=   0.2177[s], MAX = (  6.06E-05 6.50E-05 1.50E-04 )
IT=(   340/  2000), ETA=00:06:08, Time/Step=   0.2164[s], MAX = (  6.06E-05 6.50E-05 1.50E-04 )
IT=(   350/  2000), ETA=00:06:16, Time/Step=   0.2231[s], MAX = (  6.06E-05 6.50E-05 1.50E-04 )
IT=(   360/  2000), ETA=00:06:12, Time/Step=   0.2220[s], MAX = (  6.06E-05 6.50E-05 1.50E-04 )
IT=(   370/  2000), ETA=00:06:07, Time/Step=   0.2207[s], MAX = (  6.06E-05 6.50E-05 1.50E-04 )
IT=(   380/  2000), ETA=00:06:03, Time/Step=   0.2193[s], MAX = (  6.06E-05 6.50E-05 1.50E-04 )
IT=(   390/  2000), ETA=00:05:58, Time/Step=   0.2177[s], MAX = (  6.06E-05 6.50E-05 1.50E-04 )
IT=(   400/  2000), ETA=00:05:52, Time/Step=   0.2159[s], MAX = (  6.06E-05 6.50E-05 1.50E-04 )
IT=(   410/  2000), ETA=00:05:47, Time/Step=   0.2140[s], MAX = (  6.06E-05 8.02E-05 1.50E-04 )
IT=(   420/  2000), ETA=00:05:48, Time/Step=   0.2164[s], MAX = (  7.00E-05 1.38E-04 1.50E-04 )
IT=(   430/  2000), ETA=00:05:43, Time/Step=   0.2142[s], MAX = (  9.69E-05 1.98E-04 1.50E-04 )
IT=(   440/  2000), ETA=00:05:37, Time/Step=   0.2121[s], MAX = (  1.21E-04 2.45E-04 1.50E-04 )
IT=(   450/  2000), ETA=00:05:31, Time/Step=   0.2098[s], MAX = (  1.40E-04 2.75E-04 1.63E-04 )
IT=(   460/  2000), ETA=00:05:26, Time/Step=   0.2079[s], MAX = (  1.52E-04 2.91E-04 1.81E-04 )
IT=(   470/  2000), ETA=00:05:27, Time/Step=   0.2099[s], MAX = (  1.57E-04 2.97E-04 1.97E-04 )
IT=(   480/  2000), ETA=00:05:27, Time/Step=   0.2118[s], MAX = (  1.58E-04 2.97E-04 2.13E-04 )
IT=(   490/  2000), ETA=00:05:21, Time/Step=   0.2094[s], MAX = (  1.58E-04 2.97E-04 2.22E-04 )
IT=(   500/  2000), ETA=00:05:16, Time/Step=   0.2071[s], MAX = (  1.58E-04 2.97E-04 2.31E-04 )
IT=(   510/  2000), ETA=00:05:10, Time/Step=   0.2049[s], MAX = (  1.58E-04 2.97E-04 2.38E-04 )
IT=(   520/  2000), ETA=00:05:05, Time/Step=   0.2026[s], MAX = (  1.58E-04 2.97E-04 2.41E-04 )
IT=(   530/  2000), ETA=00:04:59, Time/Step=   0.2004[s], MAX = (  1.58E-04 2.97E-04 2.42E-04 )
IT=(   540/  2000), ETA=00:04:54, Time/Step=   0.1984[s], MAX = (  1.58E-04 2.97E-04 2.46E-04 )
IT=(   550/  2000), ETA=00:04:49, Time/Step=   0.1965[s], MAX = (  1.58E-04 2.97E-04 2.48E-04 )
IT=(   560/  2000), ETA=00:04:44, Time/Step=   0.1943[s], MAX = (  1.58E-04 2.97E-04 2.48E-04 )
IT=(   570/  2000), ETA=00:04:47, Time/Step=   0.1980[s], MAX = (  1.58E-04 2.97E-04 2.48E-04 )
IT=(   580/  2000), ETA=00:04:42, Time/Step=   0.1958[s], MAX = (  1.58E-04 2.97E-04 2.48E-04 )
IT=(   590/  2000), ETA=00:04:37, Time/Step=   0.1937[s], MAX = (  1.58E-04 2.97E-04 2.48E-04 )
IT=(   600/  2000), ETA=00:04:32, Time/Step=   0.1915[s], MAX = (  1.58E-04 2.97E-04 2.48E-04 )
IT=(   610/  2000), ETA=00:04:27, Time/Step=   0.1893[s], MAX = (  1.58E-04 2.97E-04 2.48E-04 )
IT=(   620/  2000), ETA=00:04:22, Time/Step=   0.1871[s], MAX = (  1.58E-04 2.97E-04 2.48E-04 )
IT=(   630/  2000), ETA=00:04:17, Time/Step=   0.1850[s], MAX = (  1.58E-04 2.97E-04 2.48E-04 )
IT=(   640/  2000), ETA=00:04:12, Time/Step=   0.1828[s], MAX = (  1.58E-04 2.97E-04 2.48E-04 )
IT=(   650/  2000), ETA=00:04:07, Time/Step=   0.1808[s], MAX = (  1.58E-04 2.97E-04 2.48E-04 )
IT=(   660/  2000), ETA=00:04:09, Time/Step=   0.1836[s], MAX = (  1.58E-04 2.97E-04 2.48E-04 )
IT=(   670/  2000), ETA=00:04:05, Time/Step=   0.1816[s], MAX = (  1.58E-04 2.97E-04 2.48E-04 )
IT=(   680/  2000), ETA=00:04:00, Time/Step=   0.1796[s], MAX = (  1.58E-04 2.97E-04 2.48E-04 )
IT=(   690/  2000), ETA=00:03:56, Time/Step=   0.1777[s], MAX = (  1.58E-04 2.97E-04 2.48E-04 )
IT=(   700/  2000), ETA=00:03:52, Time/Step=   0.1759[s], MAX = (  1.58E-04 2.97E-04 2.48E-04 )
IT=(   710/  2000), ETA=00:03:48, Time/Step=   0.1742[s], MAX = (  1.58E-04 2.97E-04 2.48E-04 )
IT=(   720/  2000), ETA=00:03:44, Time/Step=   0.1725[s], MAX = (  1.58E-04 2.97E-04 2.48E-04 )
IT=(   730/  2000), ETA=00:03:40, Time/Step=   0.1709[s], MAX = (  1.58E-04 2.97E-04 2.48E-04 )
IT=(   740/  2000), ETA=00:03:36, Time/Step=   0.1693[s], MAX = (  1.58E-04 2.97E-04 2.48E-04 )
IT=(   750/  2000), ETA=00:03:32, Time/Step=   0.1677[s], MAX = (  1.58E-04 2.97E-04 2.48E-04 )
IT=(   760/  2000), ETA=00:03:29, Time/Step=   0.1662[s], MAX = (  1.58E-04 2.97E-04 2.48E-04 )
IT=(   770/  2000), ETA=00:03:27, Time/Step=   0.1662[s], MAX = (  1.58E-04 2.97E-04 2.48E-04 )
IT=(   780/  2000), ETA=00:03:23, Time/Step=   0.1647[s], MAX = (  1.58E-04 2.97E-04 2.48E-04 )
IT=(   790/  2000), ETA=00:03:23, Time/Step=   0.1660[s], MAX = (  1.58E-04 2.97E-04 2.48E-04 )
IT=(   800/  2000), ETA=00:03:20, Time/Step=   0.1646[s], MAX = (  1.58E-04 2.97E-04 2.48E-04 )
IT=(   810/  2000), ETA=00:03:16, Time/Step=   0.1631[s], MAX = (  1.58E-04 2.97E-04 2.48E-04 )
IT=(   820/  2000), ETA=00:03:13, Time/Step=   0.1617[s], MAX = (  1.58E-04 2.97E-04 2.48E-04 )
IT=(   830/  2000), ETA=00:03:10, Time/Step=   0.1603[s], MAX = (  1.58E-04 2.97E-04 2.48E-04 )
IT=(   840/  2000), ETA=00:03:06, Time/Step=   0.1590[s], MAX = (  1.58E-04 2.97E-04 2.48E-04 )
IT=(   850/  2000), ETA=00:03:03, Time/Step=   0.1577[s], MAX = (  1.58E-04 2.97E-04 2.48E-04 )
IT=(   860/  2000), ETA=00:03:00, Time/Step=   0.1565[s], MAX = (  1.58E-04 2.97E-04 2.48E-04 )
IT=(   870/  2000), ETA=00:02:58, Time/Step=   0.1554[s], MAX = (  1.58E-04 2.97E-04 2.48E-04 )
IT=(   880/  2000), ETA=00:02:55, Time/Step=   0.1542[s], MAX = (  1.58E-04 2.97E-04 2.48E-04 )
IT=(   890/  2000), ETA=00:02:52, Time/Step=   0.1530[s], MAX = (  1.58E-04 2.97E-04 2.48E-04 )
IT=(   900/  2000), ETA=00:02:49, Time/Step=   0.1519[s], MAX = (  1.58E-04 2.97E-04 2.48E-04 )
IT=(   910/  2000), ETA=00:02:46, Time/Step=   0.1507[s], MAX = (  1.58E-04 2.97E-04 2.48E-04 )
IT=(   920/  2000), ETA=00:02:43, Time/Step=   0.1496[s], MAX = (  1.58E-04 2.97E-04 2.48E-04 )
IT=(   930/  2000), ETA=00:02:41, Time/Step=   0.1486[s], MAX = (  1.58E-04 2.97E-04 2.48E-04 )
IT=(   940/  2000), ETA=00:02:38, Time/Step=   0.1476[s], MAX = (  1.58E-04 2.97E-04 2.48E-04 )
IT=(   950/  2000), ETA=00:02:35, Time/Step=   0.1465[s], MAX = (  1.58E-04 2.97E-04 2.48E-04 )
IT=(   960/  2000), ETA=00:02:33, Time/Step=   0.1455[s], MAX = (  1.58E-04 2.97E-04 2.48E-04 )
IT=(   970/  2000), ETA=00:02:30, Time/Step=   0.1447[s], MAX = (  1.58E-04 2.97E-04 2.48E-04 )
IT=(   980/  2000), ETA=00:02:28, Time/Step=   0.1438[s], MAX = (  1.58E-04 2.97E-04 2.48E-04 )
IT=(   990/  2000), ETA=00:02:26, Time/Step=   0.1429[s], MAX = (  1.58E-04 2.97E-04 2.48E-04 )
IT=(  1000/  2000), ETA=00:02:23, Time/Step=   0.1420[s], MAX = (  1.58E-04 2.97E-04 2.48E-04 )
IT=(  1010/  2000), ETA=00:02:21, Time/Step=   0.1411[s], MAX = (  1.58E-04 2.97E-04 2.48E-04 )
IT=(  1020/  2000), ETA=00:02:19, Time/Step=   0.1402[s], MAX = (  1.58E-04 2.97E-04 2.48E-04 )
IT=(  1030/  2000), ETA=00:02:16, Time/Step=   0.1393[s], MAX = (  1.58E-04 2.97E-04 2.48E-04 )
IT=(  1040/  2000), ETA=00:02:19, Time/Step=   0.1432[s], MAX = (  1.58E-04 2.97E-04 2.48E-04 )
IT=(  1050/  2000), ETA=00:02:17, Time/Step=   0.1435[s], MAX = (  1.58E-04 2.97E-04 2.48E-04 )
IT=(  1060/  2000), ETA=00:02:15, Time/Step=   0.1426[s], MAX = (  1.58E-04 2.97E-04 2.48E-04 )
IT=(  1070/  2000), ETA=00:02:13, Time/Step=   0.1417[s], MAX = (  1.58E-04 2.97E-04 2.48E-04 )
IT=(  1080/  2000), ETA=00:02:11, Time/Step=   0.1408[s], MAX = (  1.58E-04 2.97E-04 2.48E-04 )
IT=(  1090/  2000), ETA=00:02:08, Time/Step=   0.1399[s], MAX = (  1.58E-04 2.97E-04 2.48E-04 )
IT=(  1100/  2000), ETA=00:02:06, Time/Step=   0.1391[s], MAX = (  1.58E-04 2.97E-04 2.48E-04 )
IT=(  1110/  2000), ETA=00:02:04, Time/Step=   0.1383[s], MAX = (  1.58E-04 2.97E-04 2.48E-04 )
IT=(  1120/  2000), ETA=00:02:02, Time/Step=   0.1375[s], MAX = (  1.58E-04 2.97E-04 2.48E-04 )
IT=(  1130/  2000), ETA=00:02:01, Time/Step=   0.1375[s], MAX = (  1.58E-04 2.97E-04 2.48E-04 )
IT=(  1140/  2000), ETA=00:01:59, Time/Step=   0.1367[s], MAX = (  1.58E-04 2.97E-04 2.48E-04 )
IT=(  1150/  2000), ETA=00:01:56, Time/Step=   0.1360[s], MAX = (  1.58E-04 2.97E-04 2.48E-04 )
IT=(  1160/  2000), ETA=00:01:54, Time/Step=   0.1353[s], MAX = (  1.58E-04 2.97E-04 2.48E-04 )
IT=(  1170/  2000), ETA=00:01:52, Time/Step=   0.1345[s], MAX = (  1.58E-04 2.97E-04 2.48E-04 )
IT=(  1180/  2000), ETA=00:01:51, Time/Step=   0.1338[s], MAX = (  1.58E-04 2.97E-04 2.48E-04 )
IT=(  1190/  2000), ETA=00:01:49, Time/Step=   0.1331[s], MAX = (  1.58E-04 2.97E-04 2.48E-04 )
IT=(  1200/  2000), ETA=00:01:47, Time/Step=   0.1324[s], MAX = (  1.58E-04 2.97E-04 2.48E-04 )
IT=(  1210/  2000), ETA=00:01:45, Time/Step=   0.1326[s], MAX = (  1.58E-04 2.97E-04 2.48E-04 )
IT=(  1220/  2000), ETA=00:01:44, Time/Step=   0.1320[s], MAX = (  1.58E-04 2.97E-04 2.48E-04 )
IT=(  1230/  2000), ETA=00:01:42, Time/Step=   0.1313[s], MAX = (  1.58E-04 2.97E-04 2.48E-04 )
IT=(  1240/  2000), ETA=00:01:40, Time/Step=   0.1307[s], MAX = (  1.58E-04 2.97E-04 2.48E-04 )
IT=(  1250/  2000), ETA=00:01:38, Time/Step=   0.1300[s], MAX = (  1.58E-04 2.97E-04 2.48E-04 )
IT=(  1260/  2000), ETA=00:01:36, Time/Step=   0.1294[s], MAX = (  1.58E-04 2.97E-04 2.48E-04 )
IT=(  1270/  2000), ETA=00:01:35, Time/Step=   0.1288[s], MAX = (  1.58E-04 2.97E-04 2.48E-04 )
IT=(  1280/  2000), ETA=00:01:33, Time/Step=   0.1282[s], MAX = (  1.58E-04 2.97E-04 2.48E-04 )
IT=(  1290/  2000), ETA=00:01:31, Time/Step=   0.1277[s], MAX = (  1.58E-04 2.97E-04 2.48E-04 )
IT=(  1300/  2000), ETA=00:01:30, Time/Step=   0.1272[s], MAX = (  1.58E-04 2.97E-04 2.48E-04 )
IT=(  1310/  2000), ETA=00:01:28, Time/Step=   0.1267[s], MAX = (  1.58E-04 2.97E-04 2.48E-04 )
IT=(  1320/  2000), ETA=00:01:26, Time/Step=   0.1261[s], MAX = (  1.58E-04 2.97E-04 2.48E-04 )
IT=(  1330/  2000), ETA=00:01:25, Time/Step=   0.1255[s], MAX = (  1.58E-04 2.97E-04 2.48E-04 )
IT=(  1340/  2000), ETA=00:01:23, Time/Step=   0.1251[s], MAX = (  1.58E-04 2.97E-04 2.48E-04 )
IT=(  1350/  2000), ETA=00:01:21, Time/Step=   0.1245[s], MAX = (  1.58E-04 2.97E-04 2.48E-04 )
IT=(  1360/  2000), ETA=00:01:20, Time/Step=   0.1240[s], MAX = (  1.58E-04 2.97E-04 2.48E-04 )
IT=(  1370/  2000), ETA=00:01:18, Time/Step=   0.1235[s], MAX = (  1.58E-04 2.97E-04 2.48E-04 )
IT=(  1380/  2000), ETA=00:01:17, Time/Step=   0.1230[s], MAX = (  1.58E-04 2.97E-04 2.48E-04 )
IT=(  1390/  2000), ETA=00:01:15, Time/Step=   0.1226[s], MAX = (  1.58E-04 2.97E-04 2.48E-04 )
IT=(  1400/  2000), ETA=00:01:14, Time/Step=   0.1221[s], MAX = (  1.58E-04 2.97E-04 2.48E-04 )
IT=(  1410/  2000), ETA=00:01:12, Time/Step=   0.1224[s], MAX = (  1.58E-04 2.97E-04 2.48E-04 )
IT=(  1420/  2000), ETA=00:01:11, Time/Step=   0.1219[s], MAX = (  1.58E-04 2.97E-04 2.48E-04 )
IT=(  1430/  2000), ETA=00:01:09, Time/Step=   0.1214[s], MAX = (  1.58E-04 2.97E-04 2.48E-04 )
IT=(  1440/  2000), ETA=00:01:08, Time/Step=   0.1209[s], MAX = (  1.58E-04 2.97E-04 2.48E-04 )
IT=(  1450/  2000), ETA=00:01:06, Time/Step=   0.1204[s], MAX = (  1.58E-04 2.97E-04 2.48E-04 )
IT=(  1460/  2000), ETA=00:01:05, Time/Step=   0.1199[s], MAX = (  1.58E-04 2.97E-04 2.48E-04 )
IT=(  1470/  2000), ETA=00:01:03, Time/Step=   0.1195[s], MAX = (  1.58E-04 2.97E-04 2.48E-04 )
IT=(  1480/  2000), ETA=00:01:02, Time/Step=   0.1190[s], MAX = (  1.58E-04 2.97E-04 2.48E-04 )
IT=(  1490/  2000), ETA=00:01:01, Time/Step=   0.1185[s], MAX = (  1.58E-04 2.97E-04 2.48E-04 )
IT=(  1500/  2000), ETA=00:00:59, Time/Step=   0.1181[s], MAX = (  1.58E-04 2.97E-04 2.48E-04 )
IT=(  1510/  2000), ETA=00:00:58, Time/Step=   0.1177[s], MAX = (  1.58E-04 2.97E-04 2.48E-04 )
IT=(  1520/  2000), ETA=00:00:57, Time/Step=   0.1189[s], MAX = (  1.58E-04 2.97E-04 2.48E-04 )
IT=(  1530/  2000), ETA=00:00:56, Time/Step=   0.1184[s], MAX = (  1.58E-04 2.97E-04 2.48E-04 )
IT=(  1540/  2000), ETA=00:00:54, Time/Step=   0.1180[s], MAX = (  1.58E-04 2.97E-04 2.48E-04 )
IT=(  1550/  2000), ETA=00:00:53, Time/Step=   0.1175[s], MAX = (  1.58E-04 2.97E-04 2.48E-04 )
IT=(  1560/  2000), ETA=00:00:52, Time/Step=   0.1171[s], MAX = (  1.58E-04 2.97E-04 2.48E-04 )
IT=(  1570/  2000), ETA=00:00:50, Time/Step=   0.1167[s], MAX = (  1.58E-04 2.97E-04 2.48E-04 )
IT=(  1580/  2000), ETA=00:00:49, Time/Step=   0.1163[s], MAX = (  1.58E-04 2.97E-04 2.48E-04 )
IT=(  1590/  2000), ETA=00:00:47, Time/Step=   0.1159[s], MAX = (  1.58E-04 2.97E-04 2.48E-04 )
IT=(  1600/  2000), ETA=00:00:46, Time/Step=   0.1154[s], MAX = (  1.58E-04 2.97E-04 2.48E-04 )
IT=(  1610/  2000), ETA=00:00:45, Time/Step=   0.1150[s], MAX = (  1.58E-04 2.97E-04 2.48E-04 )
IT=(  1620/  2000), ETA=00:00:43, Time/Step=   0.1146[s], MAX = (  1.58E-04 2.97E-04 2.48E-04 )
IT=(  1630/  2000), ETA=00:00:42, Time/Step=   0.1142[s], MAX = (  1.58E-04 2.97E-04 2.48E-04 )
IT=(  1640/  2000), ETA=00:00:41, Time/Step=   0.1139[s], MAX = (  1.58E-04 2.97E-04 2.48E-04 )
IT=(  1650/  2000), ETA=00:00:40, Time/Step=   0.1136[s], MAX = (  1.58E-04 2.97E-04 2.48E-04 )
IT=(  1660/  2000), ETA=00:00:38, Time/Step=   0.1133[s], MAX = (  1.58E-04 2.97E-04 2.48E-04 )
IT=(  1670/  2000), ETA=00:00:37, Time/Step=   0.1129[s], MAX = (  1.58E-04 2.97E-04 2.48E-04 )
IT=(  1680/  2000), ETA=00:00:36, Time/Step=   0.1126[s], MAX = (  1.58E-04 2.97E-04 2.48E-04 )
IT=(  1690/  2000), ETA=00:00:35, Time/Step=   0.1131[s], MAX = (  1.58E-04 2.97E-04 2.48E-04 )
IT=(  1700/  2000), ETA=00:00:34, Time/Step=   0.1127[s], MAX = (  1.58E-04 2.97E-04 2.48E-04 )
IT=(  1710/  2000), ETA=00:00:32, Time/Step=   0.1123[s], MAX = (  1.58E-04 2.97E-04 2.48E-04 )
IT=(  1720/  2000), ETA=00:00:31, Time/Step=   0.1120[s], MAX = (  1.58E-04 2.97E-04 2.48E-04 )
IT=(  1730/  2000), ETA=00:00:30, Time/Step=   0.1116[s], MAX = (  1.58E-04 2.97E-04 2.48E-04 )
IT=(  1740/  2000), ETA=00:00:30, Time/Step=   0.1145[s], MAX = (  1.58E-04 2.97E-04 2.48E-04 )
IT=(  1750/  2000), ETA=00:00:29, Time/Step=   0.1164[s], MAX = (  1.58E-04 2.97E-04 2.48E-04 )
IT=(  1760/  2000), ETA=00:00:28, Time/Step=   0.1160[s], MAX = (  1.58E-04 2.97E-04 2.48E-04 )
IT=(  1770/  2000), ETA=00:00:26, Time/Step=   0.1156[s], MAX = (  1.58E-04 2.97E-04 2.48E-04 )
IT=(  1780/  2000), ETA=00:00:25, Time/Step=   0.1152[s], MAX = (  1.58E-04 2.97E-04 2.48E-04 )
IT=(  1790/  2000), ETA=00:00:24, Time/Step=   0.1149[s], MAX = (  1.58E-04 2.97E-04 2.48E-04 )
IT=(  1800/  2000), ETA=00:00:23, Time/Step=   0.1145[s], MAX = (  1.58E-04 2.97E-04 2.48E-04 )
IT=(  1810/  2000), ETA=00:00:21, Time/Step=   0.1141[s], MAX = (  1.58E-04 2.97E-04 2.48E-04 )
IT=(  1820/  2000), ETA=00:00:20, Time/Step=   0.1138[s], MAX = (  1.58E-04 2.97E-04 2.48E-04 )
IT=(  1830/  2000), ETA=00:00:19, Time/Step=   0.1135[s], MAX = (  1.58E-04 2.97E-04 2.48E-04 )
IT=(  1840/  2000), ETA=00:00:18, Time/Step=   0.1146[s], MAX = (  1.58E-04 2.97E-04 2.48E-04 )
IT=(  1850/  2000), ETA=00:00:17, Time/Step=   0.1143[s], MAX = (  1.58E-04 2.97E-04 2.48E-04 )
IT=(  1860/  2000), ETA=00:00:16, Time/Step=   0.1139[s], MAX = (  1.58E-04 2.97E-04 2.48E-04 )
IT=(  1870/  2000), ETA=00:00:14, Time/Step=   0.1136[s], MAX = (  1.58E-04 2.97E-04 2.48E-04 )
IT=(  1880/  2000), ETA=00:00:13, Time/Step=   0.1133[s], MAX = (  1.58E-04 2.97E-04 2.48E-04 )
IT=(  1890/  2000), ETA=00:00:12, Time/Step=   0.1129[s], MAX = (  1.58E-04 2.97E-04 2.48E-04 )
IT=(  1900/  2000), ETA=00:00:11, Time/Step=   0.1126[s], MAX = (  1.58E-04 2.97E-04 2.48E-04 )
IT=(  1910/  2000), ETA=00:00:10, Time/Step=   0.1122[s], MAX = (  1.58E-04 2.97E-04 2.48E-04 )
IT=(  1920/  2000), ETA=00:00:09, Time/Step=   0.1119[s], MAX = (  1.58E-04 2.97E-04 2.48E-04 )
IT=(  1930/  2000), ETA=00:00:07, Time/Step=   0.1116[s], MAX = (  1.58E-04 2.97E-04 2.48E-04 )
IT=(  1940/  2000), ETA=00:00:06, Time/Step=   0.1113[s], MAX = (  1.58E-04 2.97E-04 2.48E-04 )
IT=(  1950/  2000), ETA=00:00:05, Time/Step=   0.1110[s], MAX = (  1.58E-04 2.97E-04 2.48E-04 )
IT=(  1960/  2000), ETA=00:00:04, Time/Step=   0.1107[s], MAX = (  1.58E-04 2.97E-04 2.48E-04 )
IT=(  1970/  2000), ETA=00:00:03, Time/Step=   0.1103[s], MAX = (  1.58E-04 2.97E-04 2.48E-04 )
IT=(  1980/  2000), ETA=00:00:02, Time/Step=   0.1100[s], MAX = (  1.58E-04 2.97E-04 2.48E-04 )
IT=(  1990/  2000), ETA=00:00:01, Time/Step=   0.1097[s], MAX = (  1.58E-04 2.97E-04 2.48E-04 )
IT=(  2000/  2000), ETA=00:00:00, Time/Step=   0.1094[s], MAX = (  1.58E-04 2.97E-04 2.48E-04 )